<?xml version="1.0" encoding="UTF-8"?>
<!-- Generated by org.testng.reporters.JUnitReportReporter -->
<testsuite hostname="CXWINLT054" failures="0" tests="1" name="com.sawgalbs.pageobject.LoginTest" time="0.787" errors="0" timestamp="2023-02-28T09:56:05 IST" skipped="0">
  <testcase classname="com.sawgalbs.pageobject.LoginTest" name="loginTest" time="0.787"/>
  <system-out/>
</testsuite> <!-- com.sawgalbs.pageobject.LoginTest -->
